Module : Az.KeyVault
Cmdlet : Get-AzKeyVaultCertificate
Parameters
 -VaultName : ContosoKV01
 -Name : TestCert01

[ADAL]: Information: 2020-08-28T19:42:20.9483181Z: 00000000-0000-0000-0000-000000000000 - LoggerBase.cs: Serializing token cache with 0 items.

[ADAL]: Information: 2020-08-28T19:42:20.9486492Z: 00000000-0000-0000-0000-000000000000 - LoggerBase.cs: Serializing token cache with 0 items.

[Common.Authentication]: Authenticating using configuration values: Domain: '5b973f99-77df-4beb-b27d-aa0c70b8482c', Endpoint: 'https://login.microsoftonline.com/', ClientId: '1950a258-227b-4e31-a9cf-717495945fc2', ClientRedirect: 'urn:ietf:wg:oauth:2.0:oob', ResourceClientUri: 'https://vault.azure.net', ValidateAuthority: 'True'
[HttpClientOperations]: Adding Header 'Metadata'
[ADAL]: Information: 2020-08-28T19:42:20.9490831Z: 00000000-0000-0000-0000-000000000000 - LoggerBase.cs: Serializing token cache with 0 items.

[ADAL]: Information: 2020-08-28T19:42:20.9491256Z: 00000000-0000-0000-0000-000000000000 - LoggerBase.cs: Serializing token cache with 0 items.

Checking Cache request http://localhost:50342/oauth2/token?resource=https%3A%2F%2Fvault.azure.net&api-version=2018-02-01
============================ HTTP REQUEST ============================

HTTP Method:
GET

Absolute Uri:
http://localhost:50342/oauth2/token?resource=https%3A%2F%2Fvault.azure.net&api-version=2018-02-01

Headers:
Metadata                      : true

Body:



============================ HTTP RESPONSE ============================

Status Code:
OK

Headers:
X-Powered-By                  : Express
ETag                          : W/"1259-Y36REqNvf/FCtsRTYqhRYYFEmAY"
Date                          : Fri, 28 Aug 2020 19:42:22 GMT
Connection                    : keep-alive

Body:
{
  "access_token": "<redacted>",
  "refresh_token": "",
  "expires_in": "3899",
  "expires_on": "1598647340",
  "not_before": "1598643441",
  "resource": "https://vault.azure.net",
  "token_type": "Bearer"
}


============================ HTTP REQUEST ============================

HTTP Method:
GET

Absolute Uri:
https://contosokv01.vault.azure.net//certificates/TestCert01/?api-version=7.0

Headers:
x-ms-client-request-id        : d4d877f4-fb36-49d4-a78e-2bfd63266157
Accept-Language               : en-US

Body:



============================ HTTP RESPONSE ============================

Status Code:
Unauthorized

Headers:
Cache-Control                 : no-cache
Pragma                        : no-cache
WWW-Authenticate              : Bearer authorization="https://login.windows.net/19265c2a-7d63-4151-9273-f8a43b3a4458", resource="https://vault.azure.net"
x-ms-keyvault-region          : eastus
x-ms-request-id               : e8dc0b7f-0e9f-46f6-9134-04cc2e1d0a50
x-ms-keyvault-service-version : 1.1.44.0
x-ms-keyvault-network-info    : conn_type=Ipv4;addr=13.71.3.160;act_addr_fam=InterNetwork;
X-AspNet-Version              : 4.0.30319
X-Powered-By                  : ASP.NET
Strict-Transport-Security     : max-age=31536000;includeSubDomains
X-Content-Type-Options        : nosniff
Date                          : Fri, 28 Aug 2020 19:42:22 GMT

Body:
{
  "error": {
    "code": "Unauthorized",
    "message": "AKV10032: Invalid issuer. Expected one of https://sts.windows.net/19265c2a-7d63-4151-9273-f8a43b3a4458/, https://sts.windows.net/f8cdef31-a31e-4b4a-93e4-5f571e91255a/, https://sts.windows.net/e2d54eb5-3869-4f70-8578-dee5fc7331f4/, found https://sts.windows.net/5b973f99-77df-4beb-b27d-aa0c70b8482c/."
  }
}


